<?xml version="1.0" encoding="UTF-8"?>
<!-- Generated by org.testng.reporters.JUnitReportReporter -->
<testsuite hostname="Faspay-SysDev-Aan" failures="0" tests="1" name="com.tia.cucumber.step_definitions.RunnerTest" time="37.809" errors="0" timestamp="2023-02-03T08:29:24 WIB" skipped="0">
  <testcase classname="com.tia.cucumber.step_definitions.RunnerTest" name="runScenario" time="37.809"/>
  <system-out/>
</testsuite> <!-- com.tia.cucumber.step_definitions.RunnerTest -->
