<?xml version="1.0" encoding="UTF-8"?>
<!-- Generated by org.testng.reporters.JUnitReportReporter -->
<testsuite hostname="Faspay-SysDev-Aan" failures="0" tests="2" name="com.tia.cucumber.step_definitions.RunnerTest" time="41.288" errors="0" timestamp="2023-02-04T21:21:25 WIB" skipped="0">
  <testcase classname="com.tia.cucumber.step_definitions.RunnerTest" name="runScenario" time="26.841"/>
  <system-out/>
  <testcase classname="com.tia.cucumber.step_definitions.RunnerTest" name="runScenario" time="14.447"/>
  <system-out/>
</testsuite> <!-- com.tia.cucumber.step_definitions.RunnerTest -->
