<?xml version="1.0" encoding="UTF-8"?>
<!-- Generated by org.testng.reporters.JUnitReportReporter -->
<testsuite hostname="Faspay-SysDev-Aan" failures="0" tests="1" name="com.tia.cucumber.RunnerTest" time="18.084" errors="0" timestamp="2023-02-04T23:29:52 WIB" skipped="0">
  <testcase classname="com.tia.cucumber.RunnerTest" name="runScenario" time="18.084"/>
  <system-out/>
</testsuite> <!-- com.tia.cucumber.RunnerTest -->
